[ 2026-07-18 18:06:00,781 ] 15 root - INFO - ENTERED THE TRY BLOCK
[ 2026-07-18 18:06:00,781 ] 21 root - INFO - INITIALIZING THE DATA INGESTION
[ 2026-07-18 18:06:04,882 ] 61 root - INFO - Performed train test split on the dataframe
[ 2026-07-18 18:06:04,882 ] 63 root - INFO - Exited split_data_as_train_test method of Data_Ingestion class
[ 2026-07-18 18:06:04,882 ] 68 root - INFO - Exporting train and test file path.
[ 2026-07-18 18:06:04,919 ] 75 root - INFO - Exported train and test file path.
[ 2026-07-18 18:06:04,928 ] 83 root - INFO - READING OF TRAINING AND TESTING DATA HAS BEEN STARTED
[ 2026-07-18 18:06:04,994 ] 86 root - INFO - READING OF TRAINING AND TESTING DATA HAS BEEN COMPLETED
[ 2026-07-18 18:06:04,995 ] 87 root - INFO - VALIDATING THE NUMBER OF COLUMNS
[ 2026-07-18 18:06:04,995 ] 35 root - INFO - NUMBER OF COLUMN IN DATAFRAME31
[ 2026-07-18 18:06:04,995 ] 36 root - INFO - NUMBER OF COLUMNS IN SCHEMA 31
[ 2026-07-18 18:06:04,995 ] 35 root - INFO - NUMBER OF COLUMN IN DATAFRAME31
[ 2026-07-18 18:06:04,995 ] 36 root - INFO - NUMBER OF COLUMNS IN SCHEMA 31
[ 2026-07-18 18:06:04,995 ] 91 root - INFO - VALIDATION OF COLUMNS HAS BEEN DONE
[ 2026-07-18 18:06:04,995 ] 92 root - INFO - VALIDATING THE NUMBER OF NUMERICAL COLUMNS
[ 2026-07-18 18:06:04,997 ] 46 root - INFO - NUMBER OF NUMERICAL COLUMN IN DATAFRAME31
[ 2026-07-18 18:06:04,997 ] 47 root - INFO - NUMBER OF COLUMNS IN SCHEMA 31
[ 2026-07-18 18:06:04,997 ] 46 root - INFO - NUMBER OF NUMERICAL COLUMN IN DATAFRAME31
[ 2026-07-18 18:06:04,997 ] 47 root - INFO - NUMBER OF COLUMNS IN SCHEMA 31
[ 2026-07-18 18:06:04,997 ] 96 root - INFO - VALIDATION OF numerical COLUMNS HAS BEEN DONE
[ 2026-07-18 18:06:05,095 ] 98 root - INFO - VALIDATION OF DRIFTING OF DATA HAS BEEN STARTED
[ 2026-07-18 18:06:05,134 ] 116 root - INFO - VALIDATION OF DRIFTING OF DATA HAS BEEN DONE
[ 2026-07-18 18:06:05,134 ] 117 root - INFO - DATA VALIDATION PART HAS BEEN COMPLETED
[ 2026-07-18 18:06:05,134 ] 50 root - INFO - READING THE TRAINING AND TESTING DATA FOR TRANSFORMATION
[ 2026-07-18 18:06:05,248 ] 54 root - INFO - READING OF TRAINING AND TESTING DATA FOR TRANSFORMATION HAS BEEN COMPLETED
[ 2026-07-18 18:06:05,248 ] 55 root - INFO - DIVIDING INPUT AND TRAGET FEATURES FOR TRAIN AND TEST DATA
[ 2026-07-18 18:06:05,250 ] 62 root - INFO - DIVIDING INPUT AND TRAGET FEATURES FOR TRAIN AND TEST DATA COMPLETED
[ 2026-07-18 18:06:05,358 ] 29 root - INFO - ENTERED FOR SAVING THE ARRAY OBJECT
[ 2026-07-18 18:06:05,361 ] 33 root - INFO - EXITING FOR SAVING THE ARRAY OBJECT
[ 2026-07-18 18:06:05,361 ] 29 root - INFO - ENTERED FOR SAVING THE ARRAY OBJECT
[ 2026-07-18 18:06:05,362 ] 33 root - INFO - EXITING FOR SAVING THE ARRAY OBJECT
[ 2026-07-18 18:06:05,362 ] 38 root - INFO - ENTERED FOR SAVING THE PREPROCESSOR OBJECT
[ 2026-07-18 18:06:05,366 ] 42 root - INFO - EXITED AFTER SAVING PREPROECESSOR OBJECT
[ 2026-07-18 18:06:05,367 ] 38 root - INFO - ENTERED FOR SAVING THE PREPROCESSOR OBJECT
[ 2026-07-18 18:06:05,369 ] 42 root - INFO - EXITED AFTER SAVING PREPROECESSOR OBJECT
[ 2026-07-18 18:06:05,369 ] 81 root - INFO - RETURNING DATA TRANSFORMATION ARTIFACT
[ 2026-07-18 18:06:05,369 ] 82 root - INFO - DATA TRANSFORMATION HAS BEEN COMPLETED
[ 2026-07-18 18:06:05,370 ] 31 root - INFO - ENTERED MODEL TRAINER
[ 2026-07-18 18:06:05,370 ] 138 root - INFO - INITIATING THE MODEL TRAINER
[ 2026-07-18 18:06:05,370 ] 139 root - INFO - READING THE TRANSFORMED DATA
[ 2026-07-18 18:06:05,370 ] 142 root - INFO - LOADING THE ARRAY OBJECT
[ 2026-07-18 18:06:05,393 ] 145 root - INFO - DIVIDING THE DATA INTO X_TRAIN,Y_TRAIN,X_TEST,Y_TEST
[ 2026-07-18 18:06:05,393 ] 150 root - INFO - ENTERING TRAIN MODEL FUNCTION
[ 2026-07-18 18:06:05,393 ] 40 root - INFO - TRAINING OF MODEL HAS BEEN STARTED
[ 2026-07-18 18:09:16,802 ] 38 root - INFO - ENTERED FOR SAVING THE PREPROCESSOR OBJECT
[ 2026-07-18 18:09:16,846 ] 42 root - INFO - EXITED AFTER SAVING PREPROECESSOR OBJECT
[ 2026-07-18 18:09:16,847 ] 38 root - INFO - ENTERED FOR SAVING THE PREPROCESSOR OBJECT
[ 2026-07-18 18:09:16,875 ] 42 root - INFO - EXITED AFTER SAVING PREPROECESSOR OBJECT
[ 2026-07-18 18:09:16,875 ] 130 root - INFO - MODEL TRAINING HAS BEEN COMPLETED
[ 2026-07-18 18:09:16,876 ] 131 root - INFO - RETURNING MODEL TRAINER ARTIFACT AFTER TRAINING
[ 2026-07-18 18:09:16,881 ] 152 root - INFO - RETURNING MODEL TRAININ ARTIFACT FINALLY
