[ 2026-07-16 15:48:58,612 ] 16 root - INFO - ENTERED THE TRY BLOCK
[ 2026-07-16 15:48:58,612 ] 22 root - INFO - INITIALIZING THE DATA INGESTION
[ 2026-07-16 15:49:03,850 ] 61 root - INFO - Performed train test split on the dataframe
[ 2026-07-16 15:49:03,850 ] 63 root - INFO - Exited split_data_as_train_test method of Data_Ingestion class
[ 2026-07-16 15:49:03,850 ] 68 root - INFO - Exporting train and test file path.
[ 2026-07-16 15:49:03,893 ] 75 root - INFO - Exported train and test file path.
[ 2026-07-16 15:49:03,899 ] 83 root - INFO - READING OF TRAINING AND TESTING DATA HAS BEEN STARTED
[ 2026-07-16 15:49:03,974 ] 86 root - INFO - READING OF TRAINING AND TESTING DATA HAS BEEN COMPLETED
[ 2026-07-16 15:49:03,974 ] 87 root - INFO - VALIDATING THE NUMBER OF COLUMNS
[ 2026-07-16 15:49:03,974 ] 35 root - INFO - NUMBER OF COLUMN IN DATAFRAME31
[ 2026-07-16 15:49:03,974 ] 36 root - INFO - NUMBER OF COLUMNS IN SCHEMA 31
[ 2026-07-16 15:49:03,974 ] 35 root - INFO - NUMBER OF COLUMN IN DATAFRAME31
[ 2026-07-16 15:49:03,975 ] 36 root - INFO - NUMBER OF COLUMNS IN SCHEMA 31
[ 2026-07-16 15:49:03,975 ] 91 root - INFO - VALIDATION OF COLUMNS HAS BEEN DONE
[ 2026-07-16 15:49:03,975 ] 92 root - INFO - VALIDATING THE NUMBER OF NUMERICAL COLUMNS
[ 2026-07-16 15:49:03,977 ] 46 root - INFO - NUMBER OF NUMERICAL COLUMN IN DATAFRAME31
[ 2026-07-16 15:49:03,977 ] 47 root - INFO - NUMBER OF COLUMNS IN SCHEMA 31
[ 2026-07-16 15:49:03,977 ] 46 root - INFO - NUMBER OF NUMERICAL COLUMN IN DATAFRAME31
[ 2026-07-16 15:49:03,978 ] 47 root - INFO - NUMBER OF COLUMNS IN SCHEMA 31
[ 2026-07-16 15:49:03,978 ] 96 root - INFO - VALIDATION OF numerical COLUMNS HAS BEEN DONE
[ 2026-07-16 15:49:04,051 ] 98 root - INFO - VALIDATION OF DRIFTING OF DATA HAS BEEN STARTED
[ 2026-07-16 15:49:04,090 ] 116 root - INFO - VALIDATION OF DRIFTING OF DATA HAS BEEN DONE
[ 2026-07-16 15:49:04,090 ] 117 root - INFO - DATA VALIDATION PART HAS BEEN COMPLETED
