[ 2026-07-16 16:09:40,448 ] 16 root - INFO - ENTERED THE TRY BLOCK
[ 2026-07-16 16:09:40,448 ] 22 root - INFO - INITIALIZING THE DATA INGESTION
[ 2026-07-16 16:09:46,389 ] 61 root - INFO - Performed train test split on the dataframe
[ 2026-07-16 16:09:46,389 ] 63 root - INFO - Exited split_data_as_train_test method of Data_Ingestion class
[ 2026-07-16 16:09:46,390 ] 68 root - INFO - Exporting train and test file path.
[ 2026-07-16 16:09:46,536 ] 75 root - INFO - Exported train and test file path.
[ 2026-07-16 16:09:46,548 ] 83 root - INFO - READING OF TRAINING AND TESTING DATA HAS BEEN STARTED
[ 2026-07-16 16:09:46,654 ] 86 root - INFO - READING OF TRAINING AND TESTING DATA HAS BEEN COMPLETED
[ 2026-07-16 16:09:46,654 ] 87 root - INFO - VALIDATING THE NUMBER OF COLUMNS
[ 2026-07-16 16:09:46,655 ] 35 root - INFO - NUMBER OF COLUMN IN DATAFRAME31
[ 2026-07-16 16:09:46,655 ] 36 root - INFO - NUMBER OF COLUMNS IN SCHEMA 31
[ 2026-07-16 16:09:46,655 ] 35 root - INFO - NUMBER OF COLUMN IN DATAFRAME31
[ 2026-07-16 16:09:46,655 ] 36 root - INFO - NUMBER OF COLUMNS IN SCHEMA 31
[ 2026-07-16 16:09:46,655 ] 91 root - INFO - VALIDATION OF COLUMNS HAS BEEN DONE
[ 2026-07-16 16:09:46,655 ] 92 root - INFO - VALIDATING THE NUMBER OF NUMERICAL COLUMNS
[ 2026-07-16 16:09:46,658 ] 46 root - INFO - NUMBER OF NUMERICAL COLUMN IN DATAFRAME31
[ 2026-07-16 16:09:46,658 ] 47 root - INFO - NUMBER OF COLUMNS IN SCHEMA 31
[ 2026-07-16 16:09:46,659 ] 46 root - INFO - NUMBER OF NUMERICAL COLUMN IN DATAFRAME31
[ 2026-07-16 16:09:46,659 ] 47 root - INFO - NUMBER OF COLUMNS IN SCHEMA 31
[ 2026-07-16 16:09:46,659 ] 96 root - INFO - VALIDATION OF numerical COLUMNS HAS BEEN DONE
[ 2026-07-16 16:09:46,843 ] 98 root - INFO - VALIDATION OF DRIFTING OF DATA HAS BEEN STARTED
[ 2026-07-16 16:09:46,961 ] 116 root - INFO - VALIDATION OF DRIFTING OF DATA HAS BEEN DONE
[ 2026-07-16 16:09:46,961 ] 117 root - INFO - DATA VALIDATION PART HAS BEEN COMPLETED
[ 2026-07-16 16:09:46,961 ] 50 root - INFO - READING THE TRAINING AND TESTING DATA FOR TRANSFORMATION
[ 2026-07-16 16:09:47,113 ] 54 root - INFO - READING OF TRAINING AND TESTING DATA FOR TRANSFORMATION HAS BEEN COMPLETED
[ 2026-07-16 16:09:47,114 ] 55 root - INFO - DIVIDING INPUT AND TRAGET FEATURES FOR TRAIN AND TEST DATA
[ 2026-07-16 16:09:47,118 ] 62 root - INFO - DIVIDING INPUT AND TRAGET FEATURES FOR TRAIN AND TEST DATA COMPLETED
[ 2026-07-16 16:09:47,133 ] 27 root - INFO - ENTERED FOR SAVING THE ARRAY OBJECT
[ 2026-07-16 16:09:47,149 ] 31 root - INFO - EXITING FOR SAVING THE ARRAY OBJECT
[ 2026-07-16 16:09:47,150 ] 27 root - INFO - ENTERED FOR SAVING THE ARRAY OBJECT
[ 2026-07-16 16:09:47,153 ] 31 root - INFO - EXITING FOR SAVING THE ARRAY OBJECT
