[ 2026-07-16 16:11:13,563 ] 16 root - INFO - ENTERED THE TRY BLOCK
[ 2026-07-16 16:11:13,563 ] 22 root - INFO - INITIALIZING THE DATA INGESTION
[ 2026-07-16 16:11:19,569 ] 61 root - INFO - Performed train test split on the dataframe
[ 2026-07-16 16:11:19,569 ] 63 root - INFO - Exited split_data_as_train_test method of Data_Ingestion class
[ 2026-07-16 16:11:19,582 ] 68 root - INFO - Exporting train and test file path.
[ 2026-07-16 16:11:19,625 ] 75 root - INFO - Exported train and test file path.
[ 2026-07-16 16:11:19,631 ] 83 root - INFO - READING OF TRAINING AND TESTING DATA HAS BEEN STARTED
[ 2026-07-16 16:11:19,726 ] 86 root - INFO - READING OF TRAINING AND TESTING DATA HAS BEEN COMPLETED
[ 2026-07-16 16:11:19,727 ] 87 root - INFO - VALIDATING THE NUMBER OF COLUMNS
[ 2026-07-16 16:11:19,727 ] 35 root - INFO - NUMBER OF COLUMN IN DATAFRAME31
[ 2026-07-16 16:11:19,727 ] 36 root - INFO - NUMBER OF COLUMNS IN SCHEMA 31
[ 2026-07-16 16:11:19,727 ] 35 root - INFO - NUMBER OF COLUMN IN DATAFRAME31
[ 2026-07-16 16:11:19,727 ] 36 root - INFO - NUMBER OF COLUMNS IN SCHEMA 31
[ 2026-07-16 16:11:19,727 ] 91 root - INFO - VALIDATION OF COLUMNS HAS BEEN DONE
[ 2026-07-16 16:11:19,727 ] 92 root - INFO - VALIDATING THE NUMBER OF NUMERICAL COLUMNS
[ 2026-07-16 16:11:19,728 ] 46 root - INFO - NUMBER OF NUMERICAL COLUMN IN DATAFRAME31
[ 2026-07-16 16:11:19,729 ] 47 root - INFO - NUMBER OF COLUMNS IN SCHEMA 31
[ 2026-07-16 16:11:19,729 ] 46 root - INFO - NUMBER OF NUMERICAL COLUMN IN DATAFRAME31
[ 2026-07-16 16:11:19,729 ] 47 root - INFO - NUMBER OF COLUMNS IN SCHEMA 31
[ 2026-07-16 16:11:19,729 ] 96 root - INFO - VALIDATION OF numerical COLUMNS HAS BEEN DONE
[ 2026-07-16 16:11:19,813 ] 98 root - INFO - VALIDATION OF DRIFTING OF DATA HAS BEEN STARTED
[ 2026-07-16 16:11:19,856 ] 116 root - INFO - VALIDATION OF DRIFTING OF DATA HAS BEEN DONE
[ 2026-07-16 16:11:19,856 ] 117 root - INFO - DATA VALIDATION PART HAS BEEN COMPLETED
[ 2026-07-16 16:11:19,856 ] 50 root - INFO - READING THE TRAINING AND TESTING DATA FOR TRANSFORMATION
[ 2026-07-16 16:11:19,957 ] 54 root - INFO - READING OF TRAINING AND TESTING DATA FOR TRANSFORMATION HAS BEEN COMPLETED
[ 2026-07-16 16:11:19,957 ] 55 root - INFO - DIVIDING INPUT AND TRAGET FEATURES FOR TRAIN AND TEST DATA
[ 2026-07-16 16:11:19,959 ] 62 root - INFO - DIVIDING INPUT AND TRAGET FEATURES FOR TRAIN AND TEST DATA COMPLETED
[ 2026-07-16 16:11:19,968 ] 27 root - INFO - ENTERED FOR SAVING THE ARRAY OBJECT
[ 2026-07-16 16:11:19,973 ] 31 root - INFO - EXITING FOR SAVING THE ARRAY OBJECT
[ 2026-07-16 16:11:19,973 ] 27 root - INFO - ENTERED FOR SAVING THE ARRAY OBJECT
[ 2026-07-16 16:11:19,974 ] 31 root - INFO - EXITING FOR SAVING THE ARRAY OBJECT
[ 2026-07-16 16:11:19,975 ] 36 root - INFO - ENTERED FOR SAVING THE PREPROCESSOR OBJECT
