[ 2026-07-16 16:26:09,128 ] 16 root - INFO - ENTERED THE TRY BLOCK
[ 2026-07-16 16:26:09,129 ] 22 root - INFO - INITIALIZING THE DATA INGESTION
[ 2026-07-16 16:26:15,245 ] 61 root - INFO - Performed train test split on the dataframe
[ 2026-07-16 16:26:15,245 ] 63 root - INFO - Exited split_data_as_train_test method of Data_Ingestion class
[ 2026-07-16 16:26:15,245 ] 68 root - INFO - Exporting train and test file path.
[ 2026-07-16 16:26:15,321 ] 75 root - INFO - Exported train and test file path.
[ 2026-07-16 16:26:15,332 ] 83 root - INFO - READING OF TRAINING AND TESTING DATA HAS BEEN STARTED
[ 2026-07-16 16:26:15,486 ] 86 root - INFO - READING OF TRAINING AND TESTING DATA HAS BEEN COMPLETED
[ 2026-07-16 16:26:15,487 ] 87 root - INFO - VALIDATING THE NUMBER OF COLUMNS
[ 2026-07-16 16:26:15,487 ] 35 root - INFO - NUMBER OF COLUMN IN DATAFRAME31
[ 2026-07-16 16:26:15,487 ] 36 root - INFO - NUMBER OF COLUMNS IN SCHEMA 31
[ 2026-07-16 16:26:15,487 ] 35 root - INFO - NUMBER OF COLUMN IN DATAFRAME31
[ 2026-07-16 16:26:15,487 ] 36 root - INFO - NUMBER OF COLUMNS IN SCHEMA 31
[ 2026-07-16 16:26:15,487 ] 91 root - INFO - VALIDATION OF COLUMNS HAS BEEN DONE
[ 2026-07-16 16:26:15,487 ] 92 root - INFO - VALIDATING THE NUMBER OF NUMERICAL COLUMNS
[ 2026-07-16 16:26:15,492 ] 46 root - INFO - NUMBER OF NUMERICAL COLUMN IN DATAFRAME31
[ 2026-07-16 16:26:15,492 ] 47 root - INFO - NUMBER OF COLUMNS IN SCHEMA 31
[ 2026-07-16 16:26:15,493 ] 46 root - INFO - NUMBER OF NUMERICAL COLUMN IN DATAFRAME31
[ 2026-07-16 16:26:15,493 ] 47 root - INFO - NUMBER OF COLUMNS IN SCHEMA 31
[ 2026-07-16 16:26:15,493 ] 96 root - INFO - VALIDATION OF numerical COLUMNS HAS BEEN DONE
[ 2026-07-16 16:26:15,603 ] 98 root - INFO - VALIDATION OF DRIFTING OF DATA HAS BEEN STARTED
[ 2026-07-16 16:26:15,650 ] 116 root - INFO - VALIDATION OF DRIFTING OF DATA HAS BEEN DONE
[ 2026-07-16 16:26:15,650 ] 117 root - INFO - DATA VALIDATION PART HAS BEEN COMPLETED
[ 2026-07-16 16:26:15,651 ] 50 root - INFO - READING THE TRAINING AND TESTING DATA FOR TRANSFORMATION
[ 2026-07-16 16:26:15,768 ] 54 root - INFO - READING OF TRAINING AND TESTING DATA FOR TRANSFORMATION HAS BEEN COMPLETED
[ 2026-07-16 16:26:15,768 ] 55 root - INFO - DIVIDING INPUT AND TRAGET FEATURES FOR TRAIN AND TEST DATA
[ 2026-07-16 16:26:15,772 ] 62 root - INFO - DIVIDING INPUT AND TRAGET FEATURES FOR TRAIN AND TEST DATA COMPLETED
[ 2026-07-16 16:26:15,788 ] 27 root - INFO - ENTERED FOR SAVING THE ARRAY OBJECT
[ 2026-07-16 16:26:15,791 ] 31 root - INFO - EXITING FOR SAVING THE ARRAY OBJECT
[ 2026-07-16 16:26:15,792 ] 27 root - INFO - ENTERED FOR SAVING THE ARRAY OBJECT
[ 2026-07-16 16:26:15,793 ] 31 root - INFO - EXITING FOR SAVING THE ARRAY OBJECT
[ 2026-07-16 16:26:15,793 ] 36 root - INFO - ENTERED FOR SAVING THE PREPROCESSOR OBJECT
[ 2026-07-16 16:26:15,797 ] 40 root - INFO - EXITED AFTER SAVING PREPROECESSOR OBJECT
[ 2026-07-16 16:26:15,798 ] 80 root - INFO - RETURNING DATA TRANSFORMATION ARTIFACT
[ 2026-07-16 16:26:15,798 ] 81 root - INFO - DATA TRANSFORMATION HAS BEEN COMPLETED
