[ 2026-07-16 15:53:07,160 ] 16 root - INFO - ENTERED THE TRY BLOCK
[ 2026-07-16 15:53:07,160 ] 22 root - INFO - INITIALIZING THE DATA INGESTION
[ 2026-07-16 15:53:10,493 ] 61 root - INFO - Performed train test split on the dataframe
[ 2026-07-16 15:53:10,493 ] 63 root - INFO - Exited split_data_as_train_test method of Data_Ingestion class
[ 2026-07-16 15:53:10,493 ] 68 root - INFO - Exporting train and test file path.
[ 2026-07-16 15:53:10,540 ] 75 root - INFO - Exported train and test file path.
[ 2026-07-16 15:53:10,544 ] 83 root - INFO - READING OF TRAINING AND TESTING DATA HAS BEEN STARTED
[ 2026-07-16 15:53:10,611 ] 86 root - INFO - READING OF TRAINING AND TESTING DATA HAS BEEN COMPLETED
[ 2026-07-16 15:53:10,612 ] 87 root - INFO - VALIDATING THE NUMBER OF COLUMNS
[ 2026-07-16 15:53:10,612 ] 35 root - INFO - NUMBER OF COLUMN IN DATAFRAME31
[ 2026-07-16 15:53:10,612 ] 36 root - INFO - NUMBER OF COLUMNS IN SCHEMA 31
[ 2026-07-16 15:53:10,612 ] 35 root - INFO - NUMBER OF COLUMN IN DATAFRAME31
[ 2026-07-16 15:53:10,612 ] 36 root - INFO - NUMBER OF COLUMNS IN SCHEMA 31
[ 2026-07-16 15:53:10,612 ] 91 root - INFO - VALIDATION OF COLUMNS HAS BEEN DONE
[ 2026-07-16 15:53:10,612 ] 92 root - INFO - VALIDATING THE NUMBER OF NUMERICAL COLUMNS
[ 2026-07-16 15:53:10,613 ] 46 root - INFO - NUMBER OF NUMERICAL COLUMN IN DATAFRAME31
[ 2026-07-16 15:53:10,613 ] 47 root - INFO - NUMBER OF COLUMNS IN SCHEMA 31
[ 2026-07-16 15:53:10,613 ] 46 root - INFO - NUMBER OF NUMERICAL COLUMN IN DATAFRAME31
[ 2026-07-16 15:53:10,613 ] 47 root - INFO - NUMBER OF COLUMNS IN SCHEMA 31
[ 2026-07-16 15:53:10,613 ] 96 root - INFO - VALIDATION OF numerical COLUMNS HAS BEEN DONE
[ 2026-07-16 15:53:10,685 ] 98 root - INFO - VALIDATION OF DRIFTING OF DATA HAS BEEN STARTED
[ 2026-07-16 15:53:10,726 ] 116 root - INFO - VALIDATION OF DRIFTING OF DATA HAS BEEN DONE
[ 2026-07-16 15:53:10,726 ] 117 root - INFO - DATA VALIDATION PART HAS BEEN COMPLETED
[ 2026-07-16 15:53:10,727 ] 48 root - INFO - READING THE TRAINING AND TESTING DATA FOR TRANSFORMATION
[ 2026-07-16 15:53:10,791 ] 51 root - INFO - READING OF TRAINING AND TESTING DATA FOR TRANSFORMATION HAS BEEN COMPLETED
[ 2026-07-16 15:53:10,791 ] 52 root - INFO - DIVIDING INPUT AND TRAGET FEATURES FOR TRAIN AND TEST DATA
