[ 2026-07-16 15:52:12,706 ] 16 root - INFO - ENTERED THE TRY BLOCK
[ 2026-07-16 15:52:12,706 ] 22 root - INFO - INITIALIZING THE DATA INGESTION
[ 2026-07-16 15:52:17,748 ] 61 root - INFO - Performed train test split on the dataframe
[ 2026-07-16 15:52:17,749 ] 63 root - INFO - Exited split_data_as_train_test method of Data_Ingestion class
[ 2026-07-16 15:52:17,762 ] 68 root - INFO - Exporting train and test file path.
[ 2026-07-16 15:52:17,876 ] 75 root - INFO - Exported train and test file path.
[ 2026-07-16 15:52:17,888 ] 83 root - INFO - READING OF TRAINING AND TESTING DATA HAS BEEN STARTED
[ 2026-07-16 15:52:18,017 ] 86 root - INFO - READING OF TRAINING AND TESTING DATA HAS BEEN COMPLETED
[ 2026-07-16 15:52:18,030 ] 87 root - INFO - VALIDATING THE NUMBER OF COLUMNS
[ 2026-07-16 15:52:18,031 ] 35 root - INFO - NUMBER OF COLUMN IN DATAFRAME31
[ 2026-07-16 15:52:18,031 ] 36 root - INFO - NUMBER OF COLUMNS IN SCHEMA 31
[ 2026-07-16 15:52:18,031 ] 35 root - INFO - NUMBER OF COLUMN IN DATAFRAME31
[ 2026-07-16 15:52:18,031 ] 36 root - INFO - NUMBER OF COLUMNS IN SCHEMA 31
[ 2026-07-16 15:52:18,031 ] 91 root - INFO - VALIDATION OF COLUMNS HAS BEEN DONE
[ 2026-07-16 15:52:18,031 ] 92 root - INFO - VALIDATING THE NUMBER OF NUMERICAL COLUMNS
[ 2026-07-16 15:52:18,033 ] 46 root - INFO - NUMBER OF NUMERICAL COLUMN IN DATAFRAME31
[ 2026-07-16 15:52:18,034 ] 47 root - INFO - NUMBER OF COLUMNS IN SCHEMA 31
[ 2026-07-16 15:52:18,035 ] 46 root - INFO - NUMBER OF NUMERICAL COLUMN IN DATAFRAME31
[ 2026-07-16 15:52:18,035 ] 47 root - INFO - NUMBER OF COLUMNS IN SCHEMA 31
[ 2026-07-16 15:52:18,035 ] 96 root - INFO - VALIDATION OF numerical COLUMNS HAS BEEN DONE
[ 2026-07-16 15:52:18,249 ] 98 root - INFO - VALIDATION OF DRIFTING OF DATA HAS BEEN STARTED
[ 2026-07-16 15:52:18,359 ] 116 root - INFO - VALIDATION OF DRIFTING OF DATA HAS BEEN DONE
[ 2026-07-16 15:52:18,359 ] 117 root - INFO - DATA VALIDATION PART HAS BEEN COMPLETED
[ 2026-07-16 15:52:18,360 ] 48 root - INFO - READING THE TRAINING AND TESTING DATA FOR TRANSFORMATION
