[ 2026-07-16 15:56:17,827 ] 16 root - INFO - ENTERED THE TRY BLOCK
[ 2026-07-16 15:56:17,828 ] 22 root - INFO - INITIALIZING THE DATA INGESTION
[ 2026-07-16 15:56:23,628 ] 61 root - INFO - Performed train test split on the dataframe
[ 2026-07-16 15:56:23,628 ] 63 root - INFO - Exited split_data_as_train_test method of Data_Ingestion class
[ 2026-07-16 15:56:23,629 ] 68 root - INFO - Exporting train and test file path.
[ 2026-07-16 15:56:23,667 ] 75 root - INFO - Exported train and test file path.
[ 2026-07-16 15:56:23,671 ] 83 root - INFO - READING OF TRAINING AND TESTING DATA HAS BEEN STARTED
[ 2026-07-16 15:56:23,751 ] 86 root - INFO - READING OF TRAINING AND TESTING DATA HAS BEEN COMPLETED
[ 2026-07-16 15:56:23,751 ] 87 root - INFO - VALIDATING THE NUMBER OF COLUMNS
[ 2026-07-16 15:56:23,751 ] 35 root - INFO - NUMBER OF COLUMN IN DATAFRAME31
[ 2026-07-16 15:56:23,752 ] 36 root - INFO - NUMBER OF COLUMNS IN SCHEMA 31
[ 2026-07-16 15:56:23,752 ] 35 root - INFO - NUMBER OF COLUMN IN DATAFRAME31
[ 2026-07-16 15:56:23,752 ] 36 root - INFO - NUMBER OF COLUMNS IN SCHEMA 31
[ 2026-07-16 15:56:23,752 ] 91 root - INFO - VALIDATION OF COLUMNS HAS BEEN DONE
[ 2026-07-16 15:56:23,752 ] 92 root - INFO - VALIDATING THE NUMBER OF NUMERICAL COLUMNS
[ 2026-07-16 15:56:23,752 ] 46 root - INFO - NUMBER OF NUMERICAL COLUMN IN DATAFRAME31
[ 2026-07-16 15:56:23,752 ] 47 root - INFO - NUMBER OF COLUMNS IN SCHEMA 31
[ 2026-07-16 15:56:23,753 ] 46 root - INFO - NUMBER OF NUMERICAL COLUMN IN DATAFRAME31
[ 2026-07-16 15:56:23,753 ] 47 root - INFO - NUMBER OF COLUMNS IN SCHEMA 31
[ 2026-07-16 15:56:23,753 ] 96 root - INFO - VALIDATION OF numerical COLUMNS HAS BEEN DONE
[ 2026-07-16 15:56:23,834 ] 98 root - INFO - VALIDATION OF DRIFTING OF DATA HAS BEEN STARTED
[ 2026-07-16 15:56:23,873 ] 116 root - INFO - VALIDATION OF DRIFTING OF DATA HAS BEEN DONE
[ 2026-07-16 15:56:23,873 ] 117 root - INFO - DATA VALIDATION PART HAS BEEN COMPLETED
[ 2026-07-16 15:56:23,873 ] 48 root - INFO - READING THE TRAINING AND TESTING DATA FOR TRANSFORMATION
[ 2026-07-16 15:56:23,937 ] 52 root - INFO - READING OF TRAINING AND TESTING DATA FOR TRANSFORMATION HAS BEEN COMPLETED
[ 2026-07-16 15:56:23,937 ] 53 root - INFO - DIVIDING INPUT AND TRAGET FEATURES FOR TRAIN AND TEST DATA
