[ 2026-07-16 16:17:25,278 ] 16 root - INFO - ENTERED THE TRY BLOCK
[ 2026-07-16 16:17:25,279 ] 22 root - INFO - INITIALIZING THE DATA INGESTION
[ 2026-07-16 16:17:29,825 ] 61 root - INFO - Performed train test split on the dataframe
[ 2026-07-16 16:17:29,825 ] 63 root - INFO - Exited split_data_as_train_test method of Data_Ingestion class
[ 2026-07-16 16:17:29,825 ] 68 root - INFO - Exporting train and test file path.
[ 2026-07-16 16:17:29,864 ] 75 root - INFO - Exported train and test file path.
[ 2026-07-16 16:17:29,870 ] 83 root - INFO - READING OF TRAINING AND TESTING DATA HAS BEEN STARTED
[ 2026-07-16 16:17:29,985 ] 86 root - INFO - READING OF TRAINING AND TESTING DATA HAS BEEN COMPLETED
[ 2026-07-16 16:17:29,985 ] 87 root - INFO - VALIDATING THE NUMBER OF COLUMNS
[ 2026-07-16 16:17:29,985 ] 35 root - INFO - NUMBER OF COLUMN IN DATAFRAME31
[ 2026-07-16 16:17:29,985 ] 36 root - INFO - NUMBER OF COLUMNS IN SCHEMA 31
[ 2026-07-16 16:17:29,985 ] 35 root - INFO - NUMBER OF COLUMN IN DATAFRAME31
[ 2026-07-16 16:17:29,985 ] 36 root - INFO - NUMBER OF COLUMNS IN SCHEMA 31
[ 2026-07-16 16:17:29,985 ] 91 root - INFO - VALIDATION OF COLUMNS HAS BEEN DONE
[ 2026-07-16 16:17:29,985 ] 92 root - INFO - VALIDATING THE NUMBER OF NUMERICAL COLUMNS
[ 2026-07-16 16:17:29,986 ] 46 root - INFO - NUMBER OF NUMERICAL COLUMN IN DATAFRAME31
[ 2026-07-16 16:17:29,986 ] 47 root - INFO - NUMBER OF COLUMNS IN SCHEMA 31
[ 2026-07-16 16:17:29,987 ] 46 root - INFO - NUMBER OF NUMERICAL COLUMN IN DATAFRAME31
[ 2026-07-16 16:17:29,987 ] 47 root - INFO - NUMBER OF COLUMNS IN SCHEMA 31
[ 2026-07-16 16:17:29,987 ] 96 root - INFO - VALIDATION OF numerical COLUMNS HAS BEEN DONE
[ 2026-07-16 16:17:30,058 ] 98 root - INFO - VALIDATION OF DRIFTING OF DATA HAS BEEN STARTED
[ 2026-07-16 16:17:30,095 ] 116 root - INFO - VALIDATION OF DRIFTING OF DATA HAS BEEN DONE
[ 2026-07-16 16:17:30,095 ] 117 root - INFO - DATA VALIDATION PART HAS BEEN COMPLETED
[ 2026-07-16 16:17:30,096 ] 50 root - INFO - READING THE TRAINING AND TESTING DATA FOR TRANSFORMATION
[ 2026-07-16 16:17:30,199 ] 54 root - INFO - READING OF TRAINING AND TESTING DATA FOR TRANSFORMATION HAS BEEN COMPLETED
[ 2026-07-16 16:17:30,199 ] 55 root - INFO - DIVIDING INPUT AND TRAGET FEATURES FOR TRAIN AND TEST DATA
[ 2026-07-16 16:17:30,201 ] 62 root - INFO - DIVIDING INPUT AND TRAGET FEATURES FOR TRAIN AND TEST DATA COMPLETED
[ 2026-07-16 16:17:30,211 ] 27 root - INFO - ENTERED FOR SAVING THE ARRAY OBJECT
[ 2026-07-16 16:17:30,227 ] 31 root - INFO - EXITING FOR SAVING THE ARRAY OBJECT
[ 2026-07-16 16:17:30,227 ] 27 root - INFO - ENTERED FOR SAVING THE ARRAY OBJECT
[ 2026-07-16 16:17:30,229 ] 31 root - INFO - EXITING FOR SAVING THE ARRAY OBJECT
[ 2026-07-16 16:17:30,229 ] 36 root - INFO - ENTERED FOR SAVING THE PREPROCESSOR OBJECT
