[ 2026-07-14 20:27:28,211 ] 11 root - INFO - ENTERED THE TRY BLOCK
[ 2026-07-14 20:27:28,212 ] 16 root - INFO - INITIALIZING THE DATA INGESTION
[ 2026-07-14 20:27:49,707 ] 61 root - INFO - Performed train test split on the dataframe
[ 2026-07-14 20:27:49,707 ] 63 root - INFO - Exited split_data_as_train_test method of Data_Ingestion class
[ 2026-07-14 20:27:49,708 ] 68 root - INFO - Exporting train and test file path.
[ 2026-07-14 20:27:49,782 ] 75 root - INFO - Exported train and test file path.
[ 2026-07-14 20:27:49,791 ] 83 root - INFO - READING OF TRAINING AND TESTING DATA HAS BEEN STARTED
[ 2026-07-14 20:27:49,902 ] 86 root - INFO - READING OF TRAINING AND TESTING DATA HAS BEEN COMPLETED
[ 2026-07-14 20:27:49,903 ] 87 root - INFO - VALIDATING THE NUMBER OF COLUMNS
[ 2026-07-14 20:27:49,903 ] 35 root - INFO - NUMBER OF COLUMN IN DATAFRAME31
[ 2026-07-14 20:27:49,903 ] 36 root - INFO - NUMBER OF COLUMNS IN SCHEMA 31
[ 2026-07-14 20:27:49,903 ] 35 root - INFO - NUMBER OF COLUMN IN DATAFRAME31
[ 2026-07-14 20:27:49,903 ] 36 root - INFO - NUMBER OF COLUMNS IN SCHEMA 31
[ 2026-07-14 20:27:49,903 ] 91 root - INFO - VALIDATION OF COLUMNS HAS BEEN DONE
[ 2026-07-14 20:27:49,904 ] 92 root - INFO - VALIDATING THE NUMBER OF NUMERICAL COLUMNS
[ 2026-07-14 20:27:49,906 ] 46 root - INFO - NUMBER OF NUMERICAL COLUMN IN DATAFRAME31
[ 2026-07-14 20:27:49,906 ] 47 root - INFO - NUMBER OF COLUMNS IN SCHEMA 31
[ 2026-07-14 20:27:49,906 ] 46 root - INFO - NUMBER OF NUMERICAL COLUMN IN DATAFRAME31
[ 2026-07-14 20:27:49,906 ] 47 root - INFO - NUMBER OF COLUMNS IN SCHEMA 31
[ 2026-07-14 20:27:49,906 ] 96 root - INFO - VALIDATION OF numerical COLUMNS HAS BEEN DONE
[ 2026-07-14 20:27:50,053 ] 98 root - INFO - VALIDATION OF DRIFTING OF DATA HAS BEEN STARTED
