[ 2026-07-14 20:25:43,746 ] 11 root - INFO - ENTERED THE TRY BLOCK
[ 2026-07-14 20:25:43,747 ] 16 root - INFO - INITIALIZING THE DATA INGESTION
[ 2026-07-14 20:25:51,872 ] 61 root - INFO - Performed train test split on the dataframe
[ 2026-07-14 20:25:51,872 ] 63 root - INFO - Exited split_data_as_train_test method of Data_Ingestion class
[ 2026-07-14 20:25:51,872 ] 68 root - INFO - Exporting train and test file path.
[ 2026-07-14 20:25:51,930 ] 75 root - INFO - Exported train and test file path.
[ 2026-07-14 20:25:51,936 ] 83 root - INFO - READING OF TRAINING AND TESTING DATA HAS BEEN STARTED
[ 2026-07-14 20:25:52,037 ] 86 root - INFO - READING OF TRAINING AND TESTING DATA HAS BEEN COMPLETED
[ 2026-07-14 20:25:52,037 ] 87 root - INFO - VALIDATING THE NUMBER OF COLUMNS
[ 2026-07-14 20:25:52,037 ] 35 root - INFO - NUMBER OF COLUMN IN DATAFRAME31
[ 2026-07-14 20:25:52,037 ] 36 root - INFO - NUMBER OF COLUMNS IN SCHEMA 31
[ 2026-07-14 20:25:52,037 ] 35 root - INFO - NUMBER OF COLUMN IN DATAFRAME31
[ 2026-07-14 20:25:52,037 ] 36 root - INFO - NUMBER OF COLUMNS IN SCHEMA 31
[ 2026-07-14 20:25:52,037 ] 91 root - INFO - VALIDATION OF COLUMNS HAS BEEN DONE
[ 2026-07-14 20:25:52,037 ] 92 root - INFO - VALIDATING THE NUMBER OF NUMERICAL COLUMNS
[ 2026-07-14 20:25:52,039 ] 46 root - INFO - NUMBER OF NUMERICAL COLUMN IN DATAFRAME31
[ 2026-07-14 20:25:52,040 ] 47 root - INFO - NUMBER OF COLUMNS IN SCHEMA 31
[ 2026-07-14 20:25:52,040 ] 46 root - INFO - NUMBER OF NUMERICAL COLUMN IN DATAFRAME31
[ 2026-07-14 20:25:52,040 ] 47 root - INFO - NUMBER OF COLUMNS IN SCHEMA 31
[ 2026-07-14 20:25:52,040 ] 96 root - INFO - VALIDATION OF numerical COLUMNS HAS BEEN DONE
