[ 2026-07-16 16:07:42,532 ] 16 root - INFO - ENTERED THE TRY BLOCK
[ 2026-07-16 16:07:42,532 ] 22 root - INFO - INITIALIZING THE DATA INGESTION
[ 2026-07-16 16:07:49,493 ] 61 root - INFO - Performed train test split on the dataframe
[ 2026-07-16 16:07:49,493 ] 63 root - INFO - Exited split_data_as_train_test method of Data_Ingestion class
[ 2026-07-16 16:07:49,494 ] 68 root - INFO - Exporting train and test file path.
[ 2026-07-16 16:07:49,534 ] 75 root - INFO - Exported train and test file path.
[ 2026-07-16 16:07:49,538 ] 83 root - INFO - READING OF TRAINING AND TESTING DATA HAS BEEN STARTED
[ 2026-07-16 16:07:49,632 ] 86 root - INFO - READING OF TRAINING AND TESTING DATA HAS BEEN COMPLETED
[ 2026-07-16 16:07:49,632 ] 87 root - INFO - VALIDATING THE NUMBER OF COLUMNS
[ 2026-07-16 16:07:49,632 ] 35 root - INFO - NUMBER OF COLUMN IN DATAFRAME31
[ 2026-07-16 16:07:49,632 ] 36 root - INFO - NUMBER OF COLUMNS IN SCHEMA 31
[ 2026-07-16 16:07:49,632 ] 35 root - INFO - NUMBER OF COLUMN IN DATAFRAME31
[ 2026-07-16 16:07:49,632 ] 36 root - INFO - NUMBER OF COLUMNS IN SCHEMA 31
[ 2026-07-16 16:07:49,632 ] 91 root - INFO - VALIDATION OF COLUMNS HAS BEEN DONE
[ 2026-07-16 16:07:49,632 ] 92 root - INFO - VALIDATING THE NUMBER OF NUMERICAL COLUMNS
[ 2026-07-16 16:07:49,634 ] 46 root - INFO - NUMBER OF NUMERICAL COLUMN IN DATAFRAME31
[ 2026-07-16 16:07:49,634 ] 47 root - INFO - NUMBER OF COLUMNS IN SCHEMA 31
[ 2026-07-16 16:07:49,634 ] 46 root - INFO - NUMBER OF NUMERICAL COLUMN IN DATAFRAME31
[ 2026-07-16 16:07:49,634 ] 47 root - INFO - NUMBER OF COLUMNS IN SCHEMA 31
[ 2026-07-16 16:07:49,634 ] 96 root - INFO - VALIDATION OF numerical COLUMNS HAS BEEN DONE
[ 2026-07-16 16:07:49,699 ] 98 root - INFO - VALIDATION OF DRIFTING OF DATA HAS BEEN STARTED
[ 2026-07-16 16:07:49,737 ] 116 root - INFO - VALIDATION OF DRIFTING OF DATA HAS BEEN DONE
[ 2026-07-16 16:07:49,737 ] 117 root - INFO - DATA VALIDATION PART HAS BEEN COMPLETED
[ 2026-07-16 16:07:49,737 ] 50 root - INFO - READING THE TRAINING AND TESTING DATA FOR TRANSFORMATION
[ 2026-07-16 16:07:49,828 ] 54 root - INFO - READING OF TRAINING AND TESTING DATA FOR TRANSFORMATION HAS BEEN COMPLETED
[ 2026-07-16 16:07:49,828 ] 55 root - INFO - DIVIDING INPUT AND TRAGET FEATURES FOR TRAIN AND TEST DATA
[ 2026-07-16 16:07:49,830 ] 62 root - INFO - DIVIDING INPUT AND TRAGET FEATURES FOR TRAIN AND TEST DATA COMPLETED
[ 2026-07-16 16:07:49,837 ] 27 root - INFO - ENTERED FOR SAVING THE ARRAY OBJECT
[ 2026-07-16 16:07:49,844 ] 31 root - INFO - EXITING FOR SAVING THE ARRAY OBJECT
[ 2026-07-16 16:07:49,844 ] 27 root - INFO - ENTERED FOR SAVING THE ARRAY OBJECT
[ 2026-07-16 16:07:49,846 ] 31 root - INFO - EXITING FOR SAVING THE ARRAY OBJECT
