[ 2026-07-14 20:28:22,908 ] 11 root - INFO - ENTERED THE TRY BLOCK
[ 2026-07-14 20:28:22,909 ] 16 root - INFO - INITIALIZING THE DATA INGESTION
[ 2026-07-14 20:28:27,414 ] 61 root - INFO - Performed train test split on the dataframe
[ 2026-07-14 20:28:27,414 ] 63 root - INFO - Exited split_data_as_train_test method of Data_Ingestion class
[ 2026-07-14 20:28:27,415 ] 68 root - INFO - Exporting train and test file path.
[ 2026-07-14 20:28:27,483 ] 75 root - INFO - Exported train and test file path.
[ 2026-07-14 20:28:27,491 ] 83 root - INFO - READING OF TRAINING AND TESTING DATA HAS BEEN STARTED
[ 2026-07-14 20:28:27,614 ] 86 root - INFO - READING OF TRAINING AND TESTING DATA HAS BEEN COMPLETED
[ 2026-07-14 20:28:27,615 ] 87 root - INFO - VALIDATING THE NUMBER OF COLUMNS
[ 2026-07-14 20:28:27,615 ] 35 root - INFO - NUMBER OF COLUMN IN DATAFRAME31
[ 2026-07-14 20:28:27,615 ] 36 root - INFO - NUMBER OF COLUMNS IN SCHEMA 31
[ 2026-07-14 20:28:27,615 ] 35 root - INFO - NUMBER OF COLUMN IN DATAFRAME31
[ 2026-07-14 20:28:27,615 ] 36 root - INFO - NUMBER OF COLUMNS IN SCHEMA 31
[ 2026-07-14 20:28:27,615 ] 91 root - INFO - VALIDATION OF COLUMNS HAS BEEN DONE
[ 2026-07-14 20:28:27,615 ] 92 root - INFO - VALIDATING THE NUMBER OF NUMERICAL COLUMNS
[ 2026-07-14 20:28:27,618 ] 46 root - INFO - NUMBER OF NUMERICAL COLUMN IN DATAFRAME31
[ 2026-07-14 20:28:27,618 ] 47 root - INFO - NUMBER OF COLUMNS IN SCHEMA 31
[ 2026-07-14 20:28:27,618 ] 46 root - INFO - NUMBER OF NUMERICAL COLUMN IN DATAFRAME31
[ 2026-07-14 20:28:27,619 ] 47 root - INFO - NUMBER OF COLUMNS IN SCHEMA 31
[ 2026-07-14 20:28:27,619 ] 96 root - INFO - VALIDATION OF numerical COLUMNS HAS BEEN DONE
[ 2026-07-14 20:28:27,803 ] 98 root - INFO - VALIDATION OF DRIFTING OF DATA HAS BEEN STARTED
[ 2026-07-14 20:28:27,893 ] 116 root - INFO - VALIDATION OF DRIFTING OF DATA HAS BEEN DONE
[ 2026-07-14 20:28:27,893 ] 117 root - INFO - DATA VALIDATION PART HAS BEEN COMPLETED
