[ 2026-07-16 14:13:28,968 ] 11 root - INFO - ENTERED THE TRY BLOCK
[ 2026-07-16 14:13:28,968 ] 16 root - INFO - INITIALIZING THE DATA INGESTION
[ 2026-07-16 14:13:35,719 ] 61 root - INFO - Performed train test split on the dataframe
[ 2026-07-16 14:13:35,719 ] 63 root - INFO - Exited split_data_as_train_test method of Data_Ingestion class
[ 2026-07-16 14:13:35,720 ] 68 root - INFO - Exporting train and test file path.
[ 2026-07-16 14:13:35,794 ] 75 root - INFO - Exported train and test file path.
[ 2026-07-16 14:13:35,829 ] 83 root - INFO - READING OF TRAINING AND TESTING DATA HAS BEEN STARTED
[ 2026-07-16 14:13:35,964 ] 86 root - INFO - READING OF TRAINING AND TESTING DATA HAS BEEN COMPLETED
[ 2026-07-16 14:13:35,965 ] 87 root - INFO - VALIDATING THE NUMBER OF COLUMNS
[ 2026-07-16 14:13:35,965 ] 35 root - INFO - NUMBER OF COLUMN IN DATAFRAME31
[ 2026-07-16 14:13:35,965 ] 36 root - INFO - NUMBER OF COLUMNS IN SCHEMA 31
[ 2026-07-16 14:13:35,965 ] 35 root - INFO - NUMBER OF COLUMN IN DATAFRAME31
[ 2026-07-16 14:13:35,965 ] 36 root - INFO - NUMBER OF COLUMNS IN SCHEMA 31
[ 2026-07-16 14:13:35,965 ] 91 root - INFO - VALIDATION OF COLUMNS HAS BEEN DONE
[ 2026-07-16 14:13:35,965 ] 92 root - INFO - VALIDATING THE NUMBER OF NUMERICAL COLUMNS
[ 2026-07-16 14:13:35,968 ] 46 root - INFO - NUMBER OF NUMERICAL COLUMN IN DATAFRAME31
[ 2026-07-16 14:13:35,968 ] 47 root - INFO - NUMBER OF COLUMNS IN SCHEMA 31
[ 2026-07-16 14:13:35,969 ] 46 root - INFO - NUMBER OF NUMERICAL COLUMN IN DATAFRAME31
[ 2026-07-16 14:13:35,969 ] 47 root - INFO - NUMBER OF COLUMNS IN SCHEMA 31
[ 2026-07-16 14:13:35,969 ] 96 root - INFO - VALIDATION OF numerical COLUMNS HAS BEEN DONE
[ 2026-07-16 14:13:36,111 ] 98 root - INFO - VALIDATION OF DRIFTING OF DATA HAS BEEN STARTED
[ 2026-07-16 14:13:36,209 ] 116 root - INFO - VALIDATION OF DRIFTING OF DATA HAS BEEN DONE
[ 2026-07-16 14:13:36,210 ] 117 root - INFO - DATA VALIDATION PART HAS BEEN COMPLETED
