[ 2026-07-14 20:20:59,063 ] 11 root - INFO - ENTERED THE TRY BLOCK
[ 2026-07-14 20:20:59,077 ] 16 root - INFO - INITIALIZING THE DATA INGESTION
[ 2026-07-14 20:21:06,575 ] 61 root - INFO - Performed train test split on the dataframe
[ 2026-07-14 20:21:06,575 ] 63 root - INFO - Exited split_data_as_train_test method of Data_Ingestion class
[ 2026-07-14 20:21:06,576 ] 68 root - INFO - Exporting train and test file path.
[ 2026-07-14 20:21:06,656 ] 75 root - INFO - Exported train and test file path.
[ 2026-07-14 20:21:06,665 ] 83 root - INFO - READING OF TRAINING AND TESTING DATA HAS BEEN STARTED
[ 2026-07-14 20:21:06,807 ] 86 root - INFO - READING OF TRAINING AND TESTING DATA HAS BEEN COMPLETED
[ 2026-07-14 20:21:06,807 ] 87 root - INFO - VALIDATING THE NUMBER OF COLUMNS
[ 2026-07-14 20:21:06,808 ] 35 root - INFO - NUMBER OF COLUMN IN DATAFRAME31
[ 2026-07-14 20:21:06,808 ] 36 root - INFO - NUMBER OF COLUMNS IN SCHEMA 31
[ 2026-07-14 20:21:06,808 ] 35 root - INFO - NUMBER OF COLUMN IN DATAFRAME31
[ 2026-07-14 20:21:06,808 ] 36 root - INFO - NUMBER OF COLUMNS IN SCHEMA 31
[ 2026-07-14 20:21:06,808 ] 91 root - INFO - VALIDATION OF COLUMNS HAS BEEN DONE
[ 2026-07-14 20:21:06,808 ] 92 root - INFO - VALIDATING THE NUMBER OF NUMERICAL COLUMNS
[ 2026-07-14 20:21:06,812 ] 46 root - INFO - NUMBER OF NUMERICAL COLUMN IN DATAFRAME31
[ 2026-07-14 20:21:06,812 ] 47 root - INFO - NUMBER OF COLUMNS IN SCHEMA 31
[ 2026-07-14 20:21:06,813 ] 46 root - INFO - NUMBER OF NUMERICAL COLUMN IN DATAFRAME31
[ 2026-07-14 20:21:06,813 ] 47 root - INFO - NUMBER OF COLUMNS IN SCHEMA 31
[ 2026-07-14 20:21:06,813 ] 96 root - INFO - VALIDATION OF numerical COLUMNS HAS BEEN DONE
