[ 2026-07-20 13:27:14,594 ] 15 root - INFO - ENTERED THE TRY BLOCK
[ 2026-07-20 13:27:14,595 ] 21 root - INFO - INITIALIZING THE DATA INGESTION
[ 2026-07-20 13:27:19,917 ] 61 root - INFO - Performed train test split on the dataframe
[ 2026-07-20 13:27:19,918 ] 63 root - INFO - Exited split_data_as_train_test method of Data_Ingestion class
[ 2026-07-20 13:27:19,918 ] 68 root - INFO - Exporting train and test file path.
[ 2026-07-20 13:27:19,979 ] 75 root - INFO - Exported train and test file path.
[ 2026-07-20 13:27:19,991 ] 83 root - INFO - READING OF TRAINING AND TESTING DATA HAS BEEN STARTED
[ 2026-07-20 13:27:20,129 ] 86 root - INFO - READING OF TRAINING AND TESTING DATA HAS BEEN COMPLETED
[ 2026-07-20 13:27:20,129 ] 87 root - INFO - VALIDATING THE NUMBER OF COLUMNS
[ 2026-07-20 13:27:20,130 ] 35 root - INFO - NUMBER OF COLUMN IN DATAFRAME31
[ 2026-07-20 13:27:20,130 ] 36 root - INFO - NUMBER OF COLUMNS IN SCHEMA 31
[ 2026-07-20 13:27:20,130 ] 35 root - INFO - NUMBER OF COLUMN IN DATAFRAME31
[ 2026-07-20 13:27:20,130 ] 36 root - INFO - NUMBER OF COLUMNS IN SCHEMA 31
[ 2026-07-20 13:27:20,130 ] 91 root - INFO - VALIDATION OF COLUMNS HAS BEEN DONE
[ 2026-07-20 13:27:20,130 ] 92 root - INFO - VALIDATING THE NUMBER OF NUMERICAL COLUMNS
[ 2026-07-20 13:27:20,133 ] 46 root - INFO - NUMBER OF NUMERICAL COLUMN IN DATAFRAME31
[ 2026-07-20 13:27:20,133 ] 47 root - INFO - NUMBER OF COLUMNS IN SCHEMA 31
[ 2026-07-20 13:27:20,134 ] 46 root - INFO - NUMBER OF NUMERICAL COLUMN IN DATAFRAME31
[ 2026-07-20 13:27:20,134 ] 47 root - INFO - NUMBER OF COLUMNS IN SCHEMA 31
[ 2026-07-20 13:27:20,134 ] 96 root - INFO - VALIDATION OF numerical COLUMNS HAS BEEN DONE
[ 2026-07-20 13:27:20,263 ] 98 root - INFO - VALIDATION OF DRIFTING OF DATA HAS BEEN STARTED
[ 2026-07-20 13:27:20,311 ] 116 root - INFO - VALIDATION OF DRIFTING OF DATA HAS BEEN DONE
[ 2026-07-20 13:27:20,312 ] 117 root - INFO - DATA VALIDATION PART HAS BEEN COMPLETED
[ 2026-07-20 13:27:20,312 ] 50 root - INFO - READING THE TRAINING AND TESTING DATA FOR TRANSFORMATION
[ 2026-07-20 13:27:20,494 ] 54 root - INFO - READING OF TRAINING AND TESTING DATA FOR TRANSFORMATION HAS BEEN COMPLETED
[ 2026-07-20 13:27:20,495 ] 55 root - INFO - DIVIDING INPUT AND TRAGET FEATURES FOR TRAIN AND TEST DATA
[ 2026-07-20 13:27:20,497 ] 62 root - INFO - DIVIDING INPUT AND TRAGET FEATURES FOR TRAIN AND TEST DATA COMPLETED
[ 2026-07-20 13:27:20,655 ] 29 root - INFO - ENTERED FOR SAVING THE ARRAY OBJECT
[ 2026-07-20 13:27:20,658 ] 33 root - INFO - EXITING FOR SAVING THE ARRAY OBJECT
[ 2026-07-20 13:27:20,658 ] 29 root - INFO - ENTERED FOR SAVING THE ARRAY OBJECT
[ 2026-07-20 13:27:20,661 ] 33 root - INFO - EXITING FOR SAVING THE ARRAY OBJECT
[ 2026-07-20 13:27:20,661 ] 38 root - INFO - ENTERED FOR SAVING THE PREPROCESSOR OBJECT
[ 2026-07-20 13:27:20,666 ] 42 root - INFO - EXITED AFTER SAVING PREPROECESSOR OBJECT
[ 2026-07-20 13:27:20,666 ] 38 root - INFO - ENTERED FOR SAVING THE PREPROCESSOR OBJECT
[ 2026-07-20 13:27:20,669 ] 42 root - INFO - EXITED AFTER SAVING PREPROECESSOR OBJECT
[ 2026-07-20 13:27:20,669 ] 81 root - INFO - RETURNING DATA TRANSFORMATION ARTIFACT
[ 2026-07-20 13:27:20,669 ] 82 root - INFO - DATA TRANSFORMATION HAS BEEN COMPLETED
[ 2026-07-20 13:27:20,671 ] 31 root - INFO - ENTERED MODEL TRAINER
[ 2026-07-20 13:27:20,671 ] 142 root - INFO - INITIATING THE MODEL TRAINER
[ 2026-07-20 13:27:20,671 ] 143 root - INFO - READING THE TRANSFORMED DATA
[ 2026-07-20 13:27:20,671 ] 146 root - INFO - LOADING THE ARRAY OBJECT
[ 2026-07-20 13:27:20,702 ] 149 root - INFO - DIVIDING THE DATA INTO X_TRAIN,Y_TRAIN,X_TEST,Y_TEST
[ 2026-07-20 13:27:20,703 ] 154 root - INFO - ENTERING TRAIN MODEL FUNCTION
[ 2026-07-20 13:27:20,703 ] 40 root - INFO - TRAINING OF MODEL HAS BEEN STARTED
[ 2026-07-20 13:31:58,909 ] 38 root - INFO - ENTERED FOR SAVING THE PREPROCESSOR OBJECT
[ 2026-07-20 13:31:58,943 ] 42 root - INFO - EXITED AFTER SAVING PREPROECESSOR OBJECT
[ 2026-07-20 13:31:58,946 ] 38 root - INFO - ENTERED FOR SAVING THE PREPROCESSOR OBJECT
[ 2026-07-20 13:31:58,950 ] 42 root - INFO - EXITED AFTER SAVING PREPROECESSOR OBJECT
[ 2026-07-20 13:31:58,951 ] 134 root - INFO - MODEL TRAINING HAS BEEN COMPLETED
[ 2026-07-20 13:31:58,951 ] 135 root - INFO - RETURNING MODEL TRAINER ARTIFACT AFTER TRAINING
[ 2026-07-20 13:31:59,080 ] 156 root - INFO - RETURNING MODEL TRAININ ARTIFACT FINALLY
