[ 2026-07-20 13:20:22,439 ] 15 root - INFO - ENTERED THE TRY BLOCK
[ 2026-07-20 13:20:22,439 ] 21 root - INFO - INITIALIZING THE DATA INGESTION
[ 2026-07-20 13:20:28,654 ] 61 root - INFO - Performed train test split on the dataframe
[ 2026-07-20 13:20:28,654 ] 63 root - INFO - Exited split_data_as_train_test method of Data_Ingestion class
[ 2026-07-20 13:20:28,655 ] 68 root - INFO - Exporting train and test file path.
[ 2026-07-20 13:20:28,724 ] 75 root - INFO - Exported train and test file path.
[ 2026-07-20 13:20:28,744 ] 83 root - INFO - READING OF TRAINING AND TESTING DATA HAS BEEN STARTED
[ 2026-07-20 13:20:28,843 ] 86 root - INFO - READING OF TRAINING AND TESTING DATA HAS BEEN COMPLETED
[ 2026-07-20 13:20:28,844 ] 87 root - INFO - VALIDATING THE NUMBER OF COLUMNS
[ 2026-07-20 13:20:28,844 ] 35 root - INFO - NUMBER OF COLUMN IN DATAFRAME31
[ 2026-07-20 13:20:28,844 ] 36 root - INFO - NUMBER OF COLUMNS IN SCHEMA 31
[ 2026-07-20 13:20:28,844 ] 35 root - INFO - NUMBER OF COLUMN IN DATAFRAME31
[ 2026-07-20 13:20:28,844 ] 36 root - INFO - NUMBER OF COLUMNS IN SCHEMA 31
[ 2026-07-20 13:20:28,844 ] 91 root - INFO - VALIDATION OF COLUMNS HAS BEEN DONE
[ 2026-07-20 13:20:28,844 ] 92 root - INFO - VALIDATING THE NUMBER OF NUMERICAL COLUMNS
[ 2026-07-20 13:20:28,848 ] 46 root - INFO - NUMBER OF NUMERICAL COLUMN IN DATAFRAME31
[ 2026-07-20 13:20:28,848 ] 47 root - INFO - NUMBER OF COLUMNS IN SCHEMA 31
[ 2026-07-20 13:20:28,849 ] 46 root - INFO - NUMBER OF NUMERICAL COLUMN IN DATAFRAME31
[ 2026-07-20 13:20:28,849 ] 47 root - INFO - NUMBER OF COLUMNS IN SCHEMA 31
[ 2026-07-20 13:20:28,849 ] 96 root - INFO - VALIDATION OF numerical COLUMNS HAS BEEN DONE
[ 2026-07-20 13:20:28,978 ] 98 root - INFO - VALIDATION OF DRIFTING OF DATA HAS BEEN STARTED
[ 2026-07-20 13:20:29,036 ] 116 root - INFO - VALIDATION OF DRIFTING OF DATA HAS BEEN DONE
[ 2026-07-20 13:20:29,036 ] 117 root - INFO - DATA VALIDATION PART HAS BEEN COMPLETED
[ 2026-07-20 13:20:29,036 ] 50 root - INFO - READING THE TRAINING AND TESTING DATA FOR TRANSFORMATION
[ 2026-07-20 13:20:29,176 ] 54 root - INFO - READING OF TRAINING AND TESTING DATA FOR TRANSFORMATION HAS BEEN COMPLETED
[ 2026-07-20 13:20:29,177 ] 55 root - INFO - DIVIDING INPUT AND TRAGET FEATURES FOR TRAIN AND TEST DATA
[ 2026-07-20 13:20:29,179 ] 62 root - INFO - DIVIDING INPUT AND TRAGET FEATURES FOR TRAIN AND TEST DATA COMPLETED
[ 2026-07-20 13:20:29,329 ] 29 root - INFO - ENTERED FOR SAVING THE ARRAY OBJECT
[ 2026-07-20 13:20:29,334 ] 33 root - INFO - EXITING FOR SAVING THE ARRAY OBJECT
[ 2026-07-20 13:20:29,334 ] 29 root - INFO - ENTERED FOR SAVING THE ARRAY OBJECT
[ 2026-07-20 13:20:29,337 ] 33 root - INFO - EXITING FOR SAVING THE ARRAY OBJECT
[ 2026-07-20 13:20:29,337 ] 38 root - INFO - ENTERED FOR SAVING THE PREPROCESSOR OBJECT
[ 2026-07-20 13:20:29,342 ] 42 root - INFO - EXITED AFTER SAVING PREPROECESSOR OBJECT
[ 2026-07-20 13:20:29,343 ] 38 root - INFO - ENTERED FOR SAVING THE PREPROCESSOR OBJECT
[ 2026-07-20 13:20:29,347 ] 42 root - INFO - EXITED AFTER SAVING PREPROECESSOR OBJECT
[ 2026-07-20 13:20:29,348 ] 81 root - INFO - RETURNING DATA TRANSFORMATION ARTIFACT
[ 2026-07-20 13:20:29,348 ] 82 root - INFO - DATA TRANSFORMATION HAS BEEN COMPLETED
[ 2026-07-20 13:20:29,349 ] 31 root - INFO - ENTERED MODEL TRAINER
[ 2026-07-20 13:20:29,349 ] 142 root - INFO - INITIATING THE MODEL TRAINER
[ 2026-07-20 13:20:29,349 ] 143 root - INFO - READING THE TRANSFORMED DATA
[ 2026-07-20 13:20:29,350 ] 146 root - INFO - LOADING THE ARRAY OBJECT
[ 2026-07-20 13:20:29,387 ] 149 root - INFO - DIVIDING THE DATA INTO X_TRAIN,Y_TRAIN,X_TEST,Y_TEST
[ 2026-07-20 13:20:29,387 ] 154 root - INFO - ENTERING TRAIN MODEL FUNCTION
[ 2026-07-20 13:20:29,387 ] 40 root - INFO - TRAINING OF MODEL HAS BEEN STARTED
[ 2026-07-20 13:23:53,779 ] 38 root - INFO - ENTERED FOR SAVING THE PREPROCESSOR OBJECT
[ 2026-07-20 13:23:53,791 ] 42 root - INFO - EXITED AFTER SAVING PREPROECESSOR OBJECT
[ 2026-07-20 13:23:53,792 ] 38 root - INFO - ENTERED FOR SAVING THE PREPROCESSOR OBJECT
[ 2026-07-20 13:23:53,795 ] 42 root - INFO - EXITED AFTER SAVING PREPROECESSOR OBJECT
[ 2026-07-20 13:23:53,796 ] 134 root - INFO - MODEL TRAINING HAS BEEN COMPLETED
[ 2026-07-20 13:23:53,796 ] 135 root - INFO - RETURNING MODEL TRAINER ARTIFACT AFTER TRAINING
[ 2026-07-20 13:23:53,847 ] 156 root - INFO - RETURNING MODEL TRAININ ARTIFACT FINALLY
